SessionID = "111020.092714"
SessionDate = "20/10/2011 (dd/mm/yyyy)"
SessionEnvironment = "closed empty room"
SessionComments = "0dB, 80 Hz"
SpeakerID = "0200"
SpeakerName = "Speaker_0200"
SpeakerAge = 43
SpeakerGender = "male"
SpeakerDialect = "Cebuano - Northern Mindanao"
MotherDialect = "Boholano"
FatherDialect = "Chabacano"
SpeakerProfession = "Veterinarian"
SpeakerComments = ""
0200.111020.092714.0007.wav "CEBUtt_aaaaa.txt" "Ayáw na págtagád."
0200.111020.092714.0008.wav "CEBUtt_aaaab.txt" "Dághan ka bang himúon?"
0200.111020.092714.0009.wav "CEBUtt_aaaac.txt" "Dághang salámat."
0200.111020.092714.0011.wav "CEBUtt_aaaad.txt" "Gihigúgma ko kaáyo ikáw."
0200.111020.092714.0014.wav "CEBUtt_aaaae.txt" "Gústo ba nínyong mokáon?"
0200.111020.092714.0015.wav "CEBUtt_aaaaf.txt" "Gústo ka mokáon?"
0200.111020.092714.0016.wav "CEBUtt_aaaag.txt" "Kumustá ka?"
0200.111020.092714.0017.wav "CEBUtt_aaaah.txt" "Kumustá kamó?	"
0200.111020.092714.0019.wav "CEBUtt_aaaai.txt" "Kusóg ang búnok."
0200.111020.092714.0020.wav "CEBUtt_aaaaj.txt" "Magkítà na lang ta sa sunód."
0200.111020.092714.0021.wav "CEBUtt_aaaak.txt" "Magámping ka."
0200.111020.092714.0023.wav "CEBUtt_aaaal.txt" "Magámping kamó."
0200.111020.092714.0025.wav "CEBUtt_aaaam.txt" "Mahál ba nímo ko? / Gihigúgma ba nímo ko?"
0200.111020.092714.0028.wav "CEBUtt_aaaan.txt" "Mahál ka nákò. / Gihigúgma ka nákò."
0200.111020.092714.0030.wav "CEBUtt_aaaao.txt" "Malipáyung kaadláwan kanínyo."
0200.111020.092714.0031.wav "CEBUtt_aaaap.txt" "Malipáyung kaadláwan."
0200.111020.092714.0032.wav "CEBUtt_aaaaq.txt" "Malipáyung pagbátì kanínyo."
0200.111020.092714.0033.wav "CEBUtt_aaaar.txt" "Malipáyung pagbátì."
0200.111020.092714.0034.wav "CEBUtt_aaaas.txt" "Maáyo man."
0200.111020.092714.0035.wav "CEBUtt_aaaat.txt" "Maáyong búntag kanínyo."
0200.111020.092714.0036.wav "CEBUtt_aaaau.txt" "Maáyong búntag."
0200.111020.092714.0037.wav "CEBUtt_aaaav.txt" "Maáyong gabí-i kanínyo.	"
0200.111020.092714.0038.wav "CEBUtt_aaaaw.txt" "Maáyong gabí-i."
0200.111020.092714.0041.wav "CEBUtt_aaaax.txt" "Maáyong hápon kanínyo."
0200.111020.092714.0042.wav "CEBUtt_aaaay.txt" "Maáyong hápon.	"
0200.111020.092714.0043.wav "CEBUtt_aaaaz.txt" "Molakáw na kó."
0200.111020.092714.0044.wav "CEBUtt_aaaba.txt" "Moúna ka na."
0200.111020.092714.0046.wav "CEBUtt_aaabb.txt" "Múra'g gitiáw-tiáwan mo akó."
0200.111020.092714.0049.wav "CEBUtt_aaabc.txt" "Pasénsya na kanínyo."
0200.111020.092714.0050.wav "CEBUtt_aaabd.txt" "Pasénsya na."
0200.111020.092714.0052.wav "CEBUtt_aaabe.txt" "Pilá ka túig ka na?"
0200.111020.092714.0053.wav "CEBUtt_aaabf.txt" "Pilá ka túig na kamó?"
0200.111020.092714.0054.wav "CEBUtt_aaabg.txt" "Sígi."
0200.111020.092714.0056.wav "CEBUtt_aaabh.txt" "Tagpíla kiní?	 "
0200.111020.092714.0057.wav "CEBUtt_aaabi.txt" "Tagpíla ni?"
0200.111020.092714.0058.wav "CEBUtt_aaabj.txt" "Waláy sapayán"
0200.111020.092714.0060.wav "CEBUtt_aaabk.txt" "Ása ang terminál sa bus?"
0200.111020.092714.0061.wav "CEBUtt_aaabl.txt" "Ása ka moádto?"
0200.111020.092714.0062.wav "CEBUtt_aaabm.txt" "Ása ka nagpuyô? / Diín ka nagpuyô?"
0200.111020.092714.0063.wav "CEBUtt_aaabn.txt" "Ása kamó nagpuyô?"
0200.111020.092714.0064.wav "CEBUtt_aaabo.txt" "Únsa ang átong pagkáon karón?"
0200.111020.092714.0065.wav "CEBUtt_aaabp.txt" "Únsa ang ímong pangálan?"
0200.111020.092714.0068.wav "CEBUtt_aaabq.txt" "Únsa ang ínyong pangálan?"
0200.111020.092714.0070.wav "CEBUtt_aaabr.txt" "Únsang pagkáon nátò karón?"
0200.111020.092714.0071.wav "CEBUtt_aaabs.txt" "Únsang óras na?"
0200.111020.092714.0073.wav "CEBUtt_aaabt.txt" "Gitawgan ni Inday Fe ang iyang Manang Flora aron maghatag ug balita."
0200.111020.092714.0075.wav "CEBUtt_aaabu.txt" "Nangyo si Inday Fe ug kwarta sa iyang Manay Flora.Gipakaon ni Inday Fe ang iyang inahan."
0200.111020.092714.0078.wav "CEBUtt_aaabv.txt" "Unsang pangalan sa asawa ni Dodong Leo?"
0200.111020.092714.0079.wav "CEBUtt_aaabw.txt" "Nihilak ang ámong ginikánan sa pagminyò sa ámong kamanghúran."
0200.111020.092714.0080.wav "CEBUtt_aaabx.txt" "Nitábang si Ellen sa iyáng mánghod."
0200.111020.092714.0084.wav "CEBUtt_aaaby.txt" "Magúlang kay Índay Fe si Índay Aurora."
0200.111020.092714.0085.wav "CEBUtt_aaabz.txt" "Si Índay Flora ang ámong kamagulángan sa ámong pamílya."
0200.111020.092714.0086.wav "CEBUtt_aaaca.txt" "Nahuman na si Dódong Leo sa iyang pagtuon. "
0200.111020.092714.0089.wav "CEBUtt_aaacb.txt" "Si Úndò Lino ang kamanghúran sa ámong pamílya.Dawaáta nínyo ang ámong kinasingkásing nga pasalámat"
0200.111020.092714.0090.wav "CEBUtt_aaacc.txt" "Dawáta ang ámong pahisubô."
0200.111020.092714.0091.wav "CEBUtt_aaacd.txt" "Dayun kamo."
0200.111020.092714.0092.wav "CEBUtt_aaace.txt" "Dayun."
0200.111020.092714.0093.wav "CEBUtt_aaacf.txt" "Dayún mo. "
0200.111020.092714.0094.wav "CEBUtt_aaacg.txt" "Dághang salámat."
0200.111020.092714.0095.wav "CEBUtt_aaach.txt" "Gibátì ko ikáw."
0200.111020.092714.0096.wav "CEBUtt_aaaci.txt" "Gibátì ko kamó."
0200.111020.092714.0098.wav "CEBUtt_aaacj.txt" "Gikalípay ko kamóng makailá."
0200.111020.092714.0099.wav "CEBUtt_aaack.txt" "Gikasubô ko."
0200.111020.092714.0100.wav "CEBUtt_aaacl.txt" "Hángtud sa ótro."
0200.111020.092714.0101.wav "CEBUtt_aaacm.txt" "Hángtud sa ótrong pagkítà."
0200.111020.092714.0103.wav "CEBUtt_aaacn.txt" "Ikadásig ko kamóng makaúban."
0200.111020.092714.0106.wav "CEBUtt_aaaco.txt" "Ikapasidungóg ko kamóng makailá."
0200.111020.092714.0109.wav "CEBUtt_aaacp.txt" "Kumusta ka na?"
0200.111020.092714.0110.wav "CEBUtt_aaacq.txt" "Kumusta ka?"
0200.111020.092714.0111.wav "CEBUtt_aaacr.txt" "Kumusta namo?"
0200.111020.092714.0112.wav "CEBUtt_aaacs.txt" "Kumusta sila?"
0200.111020.092714.0113.wav "CEBUtt_aaact.txt" "Kumusta?"
0200.111020.092714.0114.wav "CEBUtt_aaacu.txt" "Kínsa mo?"
0200.111020.092714.0115.wav "CEBUtt_aaacv.txt" "Maayo man."
0200.111020.092714.0116.wav "CEBUtt_aaacw.txt" "Maayo."
0200.111020.092714.0117.wav "CEBUtt_aaacx.txt" "Maayung adlaw kanimo."
0200.111020.092714.0118.wav "CEBUtt_aaacy.txt" "Maayung adlaw sa ilaha."
0200.111020.092714.0119.wav "CEBUtt_aaacz.txt" "Maayung adlaw."
0200.111020.092714.0120.wav "CEBUtt_aaada.txt" "Maayung buntag."
0200.111020.092714.0121.wav "CEBUtt_aaadb.txt" "Maayung gabii."
0200.111020.092714.0122.wav "CEBUtt_aaadc.txt" "Maayung hapon."
0200.111020.092714.0123.wav "CEBUtt_aaadd.txt" "Maayung udto."
0200.111020.092714.0124.wav "CEBUtt_aaade.txt" "Mabuláhang bág-ong túig."
0200.111020.092714.0125.wav "CEBUtt_aaadf.txt" "Mabúhì ang bág-ong kasál!"
0200.111020.092714.0126.wav "CEBUtt_aaadg.txt" "Mabúhì!"
0200.111020.092714.0127.wav "CEBUtt_aaadh.txt" "Malipáyong Pásko."
0200.111020.092714.0128.wav "CEBUtt_aaadi.txt" "Malipáyong kaadláwan kanímo."
0200.111020.092714.0129.wav "CEBUtt_aaadj.txt" "Malipáyong kaadláwan."
0200.111020.092714.0130.wav "CEBUtt_aaadk.txt" "Malipáyong pagbátì sa ímong kaadláwan."
0200.111020.092714.0132.wav "CEBUtt_aaadl.txt" "Malipáyong pagbátì sa ímong paghumán."
0200.111020.092714.0133.wav "CEBUtt_aaadm.txt" "Malipáyong pagbátì."
0200.111020.092714.0134.wav "CEBUtt_aaadn.txt" "Mamalíhog ko kanínyo."
0200.111020.092714.0135.wav "CEBUtt_aaado.txt" "Manamílit na kamí."
0200.111020.092714.0136.wav "CEBUtt_aaadp.txt" "Mangáyò ko ug pasáylo kanínyo."
0200.111020.092714.0138.wav "CEBUtt_aaadq.txt" "Maínit nga pagbátì kanínyong tanán."
0200.111020.092714.0139.wav "CEBUtt_aaadr.txt" "Nahisubô kamí."
0200.111020.092714.0140.wav "CEBUtt_aaads.txt" "Pag-ámping kamó."
0200.111020.092714.0141.wav "CEBUtt_aaadt.txt" "Pag-ámping."
0200.111020.092714.0142.wav "CEBUtt_aaadu.txt" "Pakigsúlti lang."
0200.111020.092714.0143.wav "CEBUtt_aaadv.txt" "Panalangíni ka sa Ginóo."
0200.111020.092714.0144.wav "CEBUtt_aaadw.txt" "Panalangíni kamó sa Ginóo."
0200.111020.092714.0146.wav "CEBUtt_aaadx.txt" "Pasaylóa untâ nínyo ang ákong pagkasayúp."
0200.111020.092714.0147.wav "CEBUtt_aaady.txt" "Pasáylo."
0200.111020.092714.0148.wav "CEBUtt_aaadz.txt" "Pasénsya na."
0200.111020.092714.0149.wav "CEBUtt_aaaea.txt" "Salámat."
0200.111020.092714.0151.wav "CEBUtt_aaaeb.txt" "Usa ka kinasingkásing nga pasalámat!"
0200.111020.092714.0152.wav "CEBUtt_aaaec.txt" "Waláy sapayán."
0200.111020.092714.0153.wav "CEBUtt_aaaed.txt" "Nikáon ka na ba?"
0200.111020.092714.0155.wav "CEBUtt_aaaee.txt" "Nikáon  ba siyá?"
0200.111020.092714.0156.wav "CEBUtt_aaaef.txt" "Maéstra ba si Maricel?"
0200.111020.092714.0157.wav "CEBUtt_aaaeg.txt" "Maéstra ba siyá?"
0200.111020.092714.0158.wav "CEBUtt_aaaeh.txt" "Estudyánte ba si Michael?"
0200.111020.092714.0159.wav "CEBUtt_aaaei.txt" "Estudyánte ba si Michael"
0200.111020.092714.0161.wav "CEBUtt_aaaej.txt" "Estudyánte ba siya?"
0200.111020.092714.0162.wav "CEBUtt_aaaek.txt" "Magtotóon (Estudyante) ba siyá?"
0200.111020.092714.0163.wav "CEBUtt_aaael.txt" "Buótan ba si Michelle?"
0200.111020.092714.0164.wav "CEBUtt_aaaem.txt" "Buótan ba siyá?"
0200.111020.092714.0166.wav "CEBUtt_aaaen.txt" "Úki ba siyá?"
0200.111020.092714.0167.wav "CEBUtt_aaaeo.txt" "Úki lang ba siyá?"
0200.111020.092714.0168.wav "CEBUtt_aaaep.txt" "Layô ba ang baláy ni Ronald?"
0200.111020.092714.0169.wav "CEBUtt_aaaeq.txt" "Layô ba?"
0200.111020.092714.0171.wav "CEBUtt_aaaer.txt" "Sa baláy ba magkítà silá ni James?"
0200.111020.092714.0172.wav "CEBUtt_aaaes.txt" "Sa baláy ba?"
0200.111020.092714.0173.wav "CEBUtt_aaaet.txt" "Mopalít ba ug pagkáon si Maricel?"
0200.111020.092714.0174.wav "CEBUtt_aaaeu.txt" "Mopalít ba siyá ug pagkáon?"
0200.111020.092714.0175.wav "CEBUtt_aaaev.txt" "Mopalít ba siyá?"
0200.111020.092714.0176.wav "CEBUtt_aaaew.txt" "Naglútò ba si Michelle ug tinuwá?"
0200.111020.092714.0177.wav "CEBUtt_aaaex.txt" "Naglútò ba siyá?"
0200.111020.092714.0179.wav "CEBUtt_aaaey.txt" "Si Michelle ba ang nikáon sa mángga?"
0200.111020.092714.0180.wav "CEBUtt_aaaez.txt" "Siyá ba ang nikáon sa mángga?"
0200.111020.092714.0181.wav "CEBUtt_aaafa.txt" "Nawágtang ba ang butáng ni Ronald?"
0200.111020.092714.0182.wav "CEBUtt_aaafb.txt" "Nawágtang ba ang butáng niyá?"
0200.111020.092714.0184.wav "CEBUtt_aaafc.txt" "Motúgtug (Motukár) ba si Francisco?"
0200.111020.092714.0186.wav "CEBUtt_aaafd.txt" "Motúgtug (Motukár) ba siyá?"
0200.111020.092714.0189.wav "CEBUtt_aaafe.txt" "Pilipínhon ba si James, o Amirkáno?"
0200.111020.092714.0190.wav "CEBUtt_aaaff.txt" "Pilipínhon si James o Amirkáno?"
0200.111020.092714.0193.wav "CEBUtt_aaafg.txt" "Gústo ba nímong mokáon, o magpahuláy?"
0200.111020.092714.0194.wav "CEBUtt_aaafh.txt" "Gústo ba nímong moubán, o dílì?"
0200.111020.092714.0196.wav "CEBUtt_aaafi.txt" "Dalî lang ba o lisúd ang eksámen?"
0200.111020.092714.0197.wav "CEBUtt_aaafj.txt" "Moádto ka ba sa Manílà o sa Báguio?"
0200.111020.092714.0198.wav "CEBUtt_aaafk.txt" "Si Michael ba o si James ang mokánta?"
0200.111020.092714.0199.wav "CEBUtt_aaafl.txt" "Motúgtog ba o mokanta si Francisco?"
0200.111020.092714.0202.wav "CEBUtt_aaafm.txt" "Niabót siyá ganíha, únsa?"
0200.111020.092714.0203.wav "CEBUtt_aaafn.txt" "Walâ siyá moabút, únsa?"
0200.111020.092714.0204.wav "CEBUtt_aaafo.txt" "Nikáon ka, únsa?"
0200.111020.092714.0205.wav "CEBUtt_aaafp.txt" "Walâ siyá mokáon, únsa?"
0200.111020.092714.0208.wav "CEBUtt_aaafq.txt" "Dílì ba anáa ka'y sakít?"
0200.111020.092714.0209.wav "CEBUtt_aaafr.txt" "Anáa ka'y sakít, dílì ba?"
0200.111020.092714.0210.wav "CEBUtt_aaafs.txt" "Doktór na si James, dílì ba?"
0200.111020.092714.0211.wav "CEBUtt_aaaft.txt" "Motúgtog si Francisco, dílì ba?"
0200.111020.092714.0212.wav "CEBUtt_aaafu.txt" "Motúgtog siyá, dílì ba?"
0200.111020.092714.0213.wav "CEBUtt_aaafv.txt" "Kínsa man ang mopalít sa pagkáon?"
0200.111020.092714.0214.wav "CEBUtt_aaafw.txt" "Kinsa ang ímong kaúban?"
0200.111020.092714.0217.wav "CEBUtt_aaafx.txt" "Únsa ang gilútò ni Michelle?"
0200.111020.092714.0218.wav "CEBUtt_aaafy.txt" "Únsa ang gihímo ni Michael sa baláy?"
0200.111020.092714.0219.wav "CEBUtt_aaafz.txt" "Kanús-a siyá molakáw?"
0200.111020.092714.0220.wav "CEBUtt_aaaga.txt" "Kanús-a magkítà sa baláy silá ni Ronald?"
0200.111020.092714.0221.wav "CEBUtt_aaagb.txt" "Diín nagtuún si Maricel?"
0200.111020.092714.0222.wav "CEBUtt_aaagc.txt" "Háin ang maéstra?"
0200.111020.092714.0224.wav "CEBUtt_aaagd.txt" "Paúnsa niyá nakít-an ang butáng ni James?"
0200.111020.092714.0225.wav "CEBUtt_aaage.txt" "Paúnsa nawágtang ang butáng ni Michael?"
0200.111020.092714.0228.wav "CEBUtt_aaagf.txt" "Ngánong gidalá sa ospitál si Maricel?"
0200.111020.092714.0229.wav "CEBUtt_aaagg.txt" "Ngánong nagtuún ka pa?"
0200.111020.092714.0230.wav "CEBUtt_aaagh.txt" "Háin dínhi ang ímong palitón?"
0200.111020.092714.0232.wav "CEBUtt_aaagi.txt" "Únsang sinínà ang ihátag mo sa iyá?"
0200.111020.092714.0233.wav "CEBUtt_aaagj.txt" "Kang kínsa kanáng bag?"
0200.111020.092714.0234.wav "CEBUtt_aaagk.txt" "Kumustá na ang ímong inahán?"
0200.111020.092714.0236.wav "CEBUtt_aaagl.txt" "Únsa kalisúd ang ínyong eksámen?"
0200.111020.092714.0237.wav "CEBUtt_aaagm.txt" "Pilá ang motámbong sa tígum?"
0200.111020.092714.0238.wav "CEBUtt_aaagn.txt" "Pilá ka túig ka na?"
0200.111020.092714.0242.wav "CEBUtt_aaago.txt" "Pilá ang bag nga kanâ?"
0200.111020.092714.0243.wav "CEBUtt_aaagp.txt" "Náa kang kínsa ang yáwe sa baláy?"
0200.111020.092714.0244.wav "CEBUtt_aaagq.txt" "Háin ang gipalít ko nga lápis ganína?"
0200.111020.092714.0245.wav "CEBUtt_aaagr.txt" "Ngánong motúgtog si Francisco?"
0200.111020.092714.0247.wav "CEBUtt_aaags.txt" "Kínsa-kínsa ang nagdalá ug pagkáon?"
0200.111020.092714.0248.wav "CEBUtt_aaagt.txt" "Kínsa-kínsa ang ímong kaúban?"
0200.111020.092714.0249.wav "CEBUtt_aaagu.txt" "Únsa-únsa ang gilútò ni Maricel?"
0200.111020.092714.0250.wav "CEBUtt_aaagv.txt" "Únsa-únsa ang palitón ni Michael sa merkádo?"
0200.111020.092714.0252.wav "CEBUtt_aaagw.txt" "Diin-diin gipangítà ni Ronald ang iyáng butáng?"
0200.111020.092714.0253.wav "CEBUtt_aaagx.txt" "Ása-ása moádto si James?"
0200.111020.092714.0255.wav "CEBUtt_aaagy.txt" "Únsa-únsang sinínà ang ímong ihátag sa iyá? "
0200.111020.092714.0256.wav "CEBUtt_aaagz.txt" "Kínsa-kínsa ang ímong tawágon?"
0200.111020.092714.0257.wav "CEBUtt_aaaha.txt" "Kínsa-kínsa ang moubán kang Francisco?"
0200.111020.092714.0258.wav "CEBUtt_aaahb.txt" "Kínsa-kínsa ang moubán?"
0200.111020.092714.0260.wav "CEBUtt_aaahc.txt" "Ang Hunsoy Sungsongan Usab"
0200.111020.092714.0261.wav "CEBUtt_aaahd.txt" "Sugilanon ni Marcel M. Navarra"
0200.111020.092714.0263.wav "CEBUtt_aaahe.txt" "Ang Pebrero maoy giisip nga “Nasodnong Bulan sa Arte”."
0200.111020.092714.0267.wav "CEBUtt_aaahf.txt" "Tungod niini, among ibalik-patik kining klasikong obra ni Marcel M. Navarra pasigsunot ning maong kasaulogan."
0200.111020.092714.0272.wav "CEBUtt_aaahg.txt" "Sa tibuok bulan sa Pebrero, himoong atraksiyon ning atong magasin ang pipila sa walay kamatayong sugilanon ni MMN nga bisan kini gilawa-lawaan na sa panahon, pabilin pang gipangita sa mga magbabasa ug pabilin pang kailibgon bisan sa labing modernong magsusugilanon sa Katitikang Bisdak."
0200.111020.092714.0273.wav "CEBUtt_aaahh.txt" "NAHALING na ang kalayo nga iyang gigipong apan inay tak-angan ang sug-ang sa kulon, si Malta, nga nagtinambid paglingkod sa lusaranan atbang sa abohan, nagpadayon pagtungok."
0200.111020.092714.0274.wav "CEBUtt_aaahi.txt" "Nagaum-om sa hunsoy nga walay sungsong gawas sa agiw nga gihasok sa ilalom, iyang gitutokan ang siga nga nagdilaab ug nagpanilap."
0200.111020.092714.0275.wav "CEBUtt_aaahj.txt" "Apan wala niya kini makita; ang iyang nakita mao ang kabughaw, ang kahaw-ang, ang kabalaka."
0200.111020.092714.0277.wav "CEBUtt_aaahk.txt" "Dili alang sa iyang kaugalingon, ni sa iyang bana ug duha ka anak ang iyang nabalak-an."
0200.111020.092714.0279.wav "CEBUtt_aaahl.txt" "Makaantos pa sila nga unya na sa udto kasudlan og diyotay ang ilang tiyan."
0200.111020.092714.0281.wav "CEBUtt_aaahm.txt" "Sa tinuoray, naanad na sila nga makaduha da (usahay makausa lamang) makakaon sa usa ka adlaw."
0200.111020.092714.0283.wav "CEBUtt_aaahn.txt" "Dili man usab kay sila ra ang nagping-it."
0200.111020.092714.0287.wav "CEBUtt_aaaho.txt" "Sa panahon sa gubat, magkalahugay lamang ang kalisod nga sagubangon sa tawo."
0200.111020.092714.0288.wav "CEBUtt_aaahp.txt" "Ang pito ka sundalo nga nagbantay sa pangpang mao ang nahunahunaan ni Malta."
0200.111020.092714.0294.wav "CEBUtt_aaahq.txt" "Nahinumdom siya nga sa dayon na niyang gipong sa kalayo, iya man diay, ug sa unom ka silingan, nga turno sa pag-amot og pamahaw sa mga sundalo."
0200.111020.092714.0297.wav "CEBUtt_aaahr.txt" "Sukad ugod may nahidunggo nga usa ka lansang Hapones sa Lipata (sumala sa mga sulti-sulti nga iyang nahipos, napugos kuno ang mga Bakang sa pagdangop sa batoong hunasan sa Lipata aron paglikay sa mga ayroplanong Amerikanhon nga nagabahis na sa kalangitan sa Sugbo), ang mga tulutinamod nga lumulupyo sa balangay mihangyo sa dako-dako sa gerilya sa Kabkab nga butangan untag mga sundalo ang pangpang sa Lipata aron, kon adunay modunggo pag-usab nga mga kaaway, kini mahurot pagkatumba gumikan sa bantaaw nga pagkabutang sa mga sundalo."
0200.111020.092714.0298.wav "CEBUtt_aaahs.txt" "Ang opisyal sa gerilya (ginganlan man kuno kadtog Tenyente Minggoy) miuyon, apan ubos sa kondisyon nga ang taga Lipata maoy mopakaon sa mga sundalo."
0200.111020.092714.0300.wav "CEBUtt_aaaht.txt" "Ang tingkagol sa kabo nga bagol nga nahipangka sa rehas-rehas sa banggira nakapalingi kang Malta."
0200.111020.092714.0303.wav "CEBUtt_aaahu.txt" "Nakita niya si Imok nga nagbugwak sa tubig nga iyang gilimugmog."
0200.111020.092714.0306.wav "CEBUtt_aaahv.txt" "Hubo, gawas sa purol nga sako, si Imok wala manumbaling sa mabugnawng inalisngaw sa yamog."
0200.111020.092714.0308.wav "CEBUtt_aaahw.txt" "“Hain man diay sila si Tura ug Talino, Malta?” sukot ni Imok nga mibulag sa banggira ug mipadulong sa iyang asawa."
0200.111020.092714.0309.wav "CEBUtt_aaahx.txt" "“Akong gipasayo sa dagat basin na lang dunay madala nga ikabaylog mais o lagutmon.”"
0200.111020.092714.0310.wav "CEBUtt_aaahy.txt" "Gitangtang niya ang hunsoy gikan sa iyang mga ngabil ug gitunol ngadto sa iyang bana."
0200.111020.092714.0312.wav "CEBUtt_aaahz.txt" "“Gitugway na ba kaha ang baka?”"
0200.111020.092714.0313.wav "CEBUtt_aaaia.txt" "“Ikaw na lay tugway, Imok."
0200.111020.092714.0317.wav "CEBUtt_aaaib.txt" "Gipadali ko kadto sila."
0200.111020.092714.0318.wav "CEBUtt_aaaic.txt" "Ug… uy, Imok, unsa man karoy atong hikayon alang sa mga sundawo?"
0200.111020.092714.0321.wav "CEBUtt_aaaid.txt" "Ato ra bang turno karong tingpamahaw…”"
0200.111020.092714.0322.wav "CEBUtt_aaaie.txt" "“Ikaw god; mag-asal ka ba?”"
0200.111020.092714.0325.wav "CEBUtt_aaaif.txt" "“Pagtarong gani. Dili ka ba maulaw nga kita ra ang dili makapadalag pagkaon sa mga sundawo?”"
0200.111020.092714.0327.wav "CEBUtt_aaaig.txt" "“Nganong maulaw? Wala man gani kitay ikapamahaw karon!”"
0200.111020.092714.0328.wav "CEBUtt_aaaih.txt" "“Apan katungdanan nato ang pagtabang kanila.”"
0200.111020.092714.0329.wav "CEBUtt_aaaii.txt" "Nangutkot sa ulo si Imok."
0200.111020.092714.0330.wav "CEBUtt_aaaij.txt" "Dihay buot niya ibungat apan wala niya padayona."
0200.111020.092714.0331.wav "CEBUtt_aaaik.txt" "Ning panahona, dili maayo nga magpatakag sulti."
0200.111020.092714.0337.wav "CEBUtt_aaail.txt" "Kon maligas ka pinaagi sa pagsulti sa mapait nga matuod, dili lamang hibaloan nga mahatig-ik ka."
0200.111020.092714.0341.wav "CEBUtt_aaaim.txt" "“Mobaylo ba hinuon ako, Mok, bisan usa lang ka paya nga bugas?”"
0200.111020.092714.0342.wav "CEBUtt_aaain.txt" "“Ikaw lay mag-igo, Malta.”"
0200.111020.092714.0343.wav "CEBUtt_aaaio.txt" "Nanaog si Malta."
0200.111020.092714.0346.wav "CEBUtt_aaaip.txt" "Mikarag siya paglakaw padulong sa balay ni Teroy-Sepa."
0200.111020.092714.0348.wav "CEBUtt_aaaiq.txt" "Maoy hitangkaan niya si Sepa nga nanilhig sa balisbisan."
0200.111020.092714.0349.wav "CEBUtt_aaair.txt" "Iyang giduol ug gitimbaya."
0200.111020.092714.0351.wav "CEBUtt_aaais.txt" "Mipungko si Malta sa tugkaran ug si Sepa mihunong pagpanilhig."
0200.111020.092714.0353.wav "CEBUtt_aaait.txt" "Wala dayon makabungat si Malta sa iyang tuyo kay mao may nagpasulabig tabi si Sepa."
0200.111020.092714.0354.wav "CEBUtt_aaaiu.txt" "Sa diha nga nakahigayon na si Malta, si Sepa wala dayon makatingog."
0200.111020.092714.0355.wav "CEBUtt_aaaiv.txt" "Nakalitan?"
0200.111020.092714.0356.wav "CEBUtt_aaaiw.txt" "“Apan, Malta,” matod ni Sepa nga gilisdan pagpamalibad."
0200.111020.092714.0360.wav "CEBUtt_aaaix.txt" "“Tinuod nga duna kamiy bugas nga sinagolan ganig mayok, apan igo ra namong hikayon sa pamahaw. Maayo unta kadtog may saging pa nga ikatimo kay galingon lang unta namo ang diyotay namong tibuok.”"
0200.111020.092714.0361.wav "CEBUtt_aaaiy.txt" "“Siyaro. Kaluy-i lang ko, Sepa."
0200.111020.092714.0362.wav "CEBUtt_aaaiz.txt" "Usa lang ka paya igo sa usa ka sundawo."
0200.111020.092714.0363.wav "CEBUtt_aaaja.txt" "Human unta ako makaluto, idagan ko kadtong duha namo ka manok sa ka Peli ug akong pabayloan og mais."
0200.111020.092714.0365.wav "CEBUtt_aaajb.txt" "Makailis lagi ko nimo; karong hapon segurong ikahatod ko dinhi ang akong gisibo.”"
0200.111020.092714.0367.wav "CEBUtt_aaajc.txt" "“Kinsa bay nag-ingon nga dili ka makailis, Malta?"
0200.111020.092714.0370.wav "CEBUtt_aaajd.txt" "Ang ako lang nahunahunaan kini si Teroy nga sukad lang mamuwaw pagbantay kada Martes sa gabii kauban sa mga sundawo, gientrahan man hinuon sa kabuhi."
0200.111020.092714.0372.wav "CEBUtt_aaaje.txt" "Ug kanunay pa kunong magbutod ang iyang tiyan."
0200.111020.092714.0376.wav "CEBUtt_aaajf.txt" "Gusto ko nga bisan magmantenel ako ug ang mga bata sa saging, apan kinahanglan si Teroy makakaon gayod og luto nga bugas aron dili modako ang iyang gibati."
0200.111020.092714.0380.wav "CEBUtt_aaajg.txt" "Kon dili pa lang unta ang mga sundawo magpauban sa mga boluntaryo magabii, dili unta maunsa si Teroy."
0200.111020.092714.0381.wav "CEBUtt_aaajh.txt" "Matod niya, karon pa kuno siya makailag unsay kabuhi.”"
0200.111020.092714.0382.wav "CEBUtt_aaaji.txt" "“Dili man tingali mahimo, Sepa, nga dili ubanan ang mga sundawo magabii."
0200.111020.092714.0383.wav "CEBUtt_aaajj.txt" "Kinsa man lang unyay mobantay kon mangatulog ang mga sundawo?"
0200.111020.092714.0388.wav "CEBUtt_aaajk.txt" "Dili sab mahimo nga dili pakatulgon ang mga sundawo kay magmalapoy unya ang ilang mga lawas ug dili na hinuon makasugakod sa kombate simbako duna na usay Hapones nga modunggo sa ato.”"
0200.111020.092714.0391.wav "CEBUtt_aaajl.txt" "“Kapait baya ning atong pagkabutang, Malta. Usa lang ka paya, ha, Malta?”"
0200.111020.092714.0392.wav "CEBUtt_aaajm.txt" "“Oo, lagi. Usa lang ka paya.”"
0200.111020.092714.0395.wav "CEBUtt_aaajn.txt" "Sayag ang pamayhon ni Malta nga naglakaw paingon sa pangpang."
0200.111020.092714.0396.wav "CEBUtt_aaajo.txt" "Nagabitbit siya og bukag nga gisudlan sa duha ka gagmayng kulon nga gipatong."
